# JRE version: OpenJDK Runtime Environment (17.0.6) (build 17.0.6+0-b2043.56-9586694)
# Java VM: OpenJDK 64-Bit Server VM (17.0.6+0-b2043.56-9586694, mixed mode, tiered, compressed oops, compressed class ptrs, g1 gc, windows-amd64)
GC Precious Log:
 CPUs: 4 total, 4 available
 Memory: 6027M
 Large Page Support: Disabled
 NUMA Support: Disabled
 Compressed Oops: Enabled (32-bit)
 Heap Region Size: 1M
 Heap Min Capacity: 8M
 Heap Initial Capacity: 96M
 Heap Max Capacity: 2G
 Pre-touch: Disabled
 Parallel Workers: 4
 Concurrent Workers: 1
 Concurrent Refinement Workers: 4
 Periodic GC: Disabled
Heap:
 garbage-first heap   total 378880K, used 205529K [0x0000000080000000, 0x0000000100000000)
  region size 1024K, 1 young (1024K), 1 survivors (1024K)
 Metaspace       used 133671K, committed 134528K, reserved 1171456K
  class space    used 18089K, committed 18560K, reserved 1048576K
GC Heap History (20 events):
Event: 50.697 GC heap after
{Heap after GC invocations=36 (full 0):
 garbage-first heap   total 347136K, used 180536K [0x0000000080000000, 0x0000000100000000)
  region size 1024K, 14 young (14336K), 14 survivors (14336K)
 Metaspace       used 103100K, committed 103872K, reserved 1138688K
  class space    used 13859K, committed 14208K, reserved 1048576K
}
Event: 50.741 GC heap before
{Heap before GC invocations=36 (full 0):
 garbage-first heap   total 347136K, used 182584K [0x0000000080000000, 0x0000000100000000)
  region size 1024K, 16 young (16384K), 14 survivors (14336K)
 Metaspace       used 103120K, committed 103936K, reserved 1138688K
  class space    used 13859K, committed 14208K, reserved 1048576K
}
Event: 50.765 GC heap after
{Heap after GC invocations=37 (full 0):
 garbage-first heap   total 347136K, used 181814K [0x0000000080000000, 0x0000000100000000)
  region size 1024K, 2 young (2048K), 2 survivors (2048K)
 Metaspace       used 103120K, committed 103936K, reserved 1138688K
  class space    used 13859K, committed 14208K, reserved 1048576K
}
Event: 3813.949 GC heap before
{Heap before GC invocations=37 (full 0):
 garbage-first heap   total 347136K, used 284213K [0x0000000080000000, 0x0000000100000000)
  region size 1024K, 102 young (104448K), 2 survivors (2048K)
 Metaspace       used 104834K, committed 105728K, reserved 1146880K
  class space    used 14040K, committed 14464K, reserved 1048576K
}
Event: 3813.988 GC heap after
{Heap after GC invocations=38 (full 0):
 garbage-first heap   total 347136K, used 181566K [0x0000000080000000, 0x0000000100000000)
  region size 1024K, 2 young (2048K), 2 survivors (2048K)
 Metaspace       used 104834K, committed 105728K, reserved 1146880K
  class space    used 14040K, committed 14464K, reserved 1048576K
}
Event: 3822.126 GC heap before
{Heap before GC invocations=39 (full 0):
 garbage-first heap   total 347136K, used 294206K [0x0000000080000000, 0x0000000100000000)
  region size 1024K, 106 young (108544K), 2 survivors (2048K)
 Metaspace       used 111874K, committed 112640K, reserved 1146880K
  class space    used 14872K, committed 15232K, reserved 1048576K
}
Event: 3822.166 GC heap after
{Heap after GC invocations=40 (full 0):
 garbage-first heap   total 347136K, used 190398K [0x0000000080000000, 0x0000000100000000)
  region size 1024K, 11 young (11264K), 11 survivors (11264K)
 Metaspace       used 111874K, committed 112640K, reserved 1146880K
  class space    used 14872K, committed 15232K, reserved 1048576K
}
Event: 3822.272 GC heap before
{Heap before GC invocations=40 (full 0):
 garbage-first heap   total 347136K, used 195518K [0x0000000080000000, 0x0000000100000000)
  region size 1024K, 16 young (16384K), 11 survivors (11264K)
 Metaspace       used 112250K, committed 113024K, reserved 1146880K
  class space    used 14915K, committed 15296K, reserved 1048576K
}
Event: 3822.323 GC heap after
{Heap after GC invocations=41 (full 0):
 garbage-first heap   total 347136K, used 189186K [0x0000000080000000, 0x0000000100000000)
  region size 1024K, 2 young (2048K), 2 survivors (2048K)
 Metaspace       used 112250K, committed 113024K, reserved 1146880K
  class space    used 14915K, committed 15296K, reserved 1048576K
}
Event: 3825.837 GC heap before
{Heap before GC invocations=41 (full 0):
 garbage-first heap   total 347136K, used 289538K [0x0000000080000000, 0x0000000100000000)
  region size 1024K, 99 young (101376K), 2 survivors (2048K)
 Metaspace       used 121017K, committed 121920K, reserved 1155072K
  class space    used 16324K, committed 16768K, reserved 1048576K
}
Event: 3825.852 GC heap after
{Heap after GC invocations=42 (full 0):
 garbage-first heap   total 347136K, used 195323K [0x0000000080000000, 0x0000000100000000)
  region size 1024K, 8 young (8192K), 8 survivors (8192K)
 Metaspace       used 121017K, committed 121920K, reserved 1155072K
  class space    used 16324K, committed 16768K, reserved 1048576K
}
Event: 3830.670 GC heap before
{Heap before GC invocations=42 (full 0):
 garbage-first heap   total 347136K, used 290555K [0x0000000080000000, 0x0000000100000000)
  region size 1024K, 100 young (102400K), 8 survivors (8192K)
 Metaspace       used 133607K, committed 134528K, reserved 1171456K
  class space    used 18132K, committed 18560K, reserved 1048576K
}
Event: 3830.840 GC heap after
{Heap after GC invocations=43 (full 0):
 garbage-first heap   total 347136K, used 205123K [0x0000000080000000, 0x0000000100000000)
  region size 1024K, 8 young (8192K), 8 survivors (8192K)
 Metaspace       used 133607K, committed 134528K, reserved 1171456K
  class space    used 18132K, committed 18560K, reserved 1048576K
}
Event: 3831.173 GC heap before
{Heap before GC invocations=43 (full 0):
 garbage-first heap   total 347136K, used 291139K [0x0000000080000000, 0x0000000100000000)
  region size 1024K, 92 young (94208K), 8 survivors (8192K)
 Metaspace       used 133640K, committed 134528K, reserved 1171456K
  class space    used 18136K, committed 18560K, reserved 1048576K
}
Event: 3831.193 GC heap after
{Heap after GC invocations=44 (full 0):
 garbage-first heap   total 347136K, used 206822K [0x0000000080000000, 0x0000000100000000)
  region size 1024K, 2 young (2048K), 2 survivors (2048K)
 Metaspace       used 133640K, committed 134528K, reserved 1171456K
  class space    used 18136K, committed 18560K, reserved 1048576K
}
Event: 3833.334 GC heap before
{Heap before GC invocations=45 (full 0):
 garbage-first heap   total 378880K, used 295910K [0x0000000080000000, 0x0000000100000000)
  region size 1024K, 87 young (89088K), 2 survivors (2048K)
 Metaspace       used 133667K, committed 134528K, reserved 1171456K
  class space    used 18089K, committed 18560K, reserved 1048576K
}
Event: 3833.341 GC heap after
{Heap after GC invocations=46 (full 0):
 garbage-first heap   total 378880K, used 210099K [0x0000000080000000, 0x0000000100000000)
  region size 1024K, 5 young (5120K), 5 survivors (5120K)
 Metaspace       used 133667K, committed 134528K, reserved 1171456K
  class space    used 18089K, committed 18560K, reserved 1048576K
}
Event: 3833.434 GC heap before
{Heap before GC invocations=46 (full 0):
 garbage-first heap   total 378880K, used 223411K [0x0000000080000000, 0x0000000100000000)
  region size 1024K, 18 young (18432K), 5 survivors (5120K)
 Metaspace       used 133667K, committed 134528K, reserved 1171456K
  class space    used 18089K, committed 18560K, reserved 1048576K
}
Event: 3833.482 GC heap after
{Heap after GC invocations=47 (full 0):
 garbage-first heap   total 378880K, used 205861K [0x0000000080000000, 0x0000000100000000)
  region size 1024K, 1 young (1024K), 1 survivors (1024K)
 Metaspace       used 133667K, committed 134528K, reserved 1171456K
  class space    used 18089K, committed 18560K, reserved 1048576K
}
Event: 3834.340 GC heap before
{Heap before GC invocations=47 (full 0):
 garbage-first heap   total 378880K, used 317477K [0x0000000080000000, 0x0000000100000000)
  region size 1024K, 110 young (112640K), 1 survivors (1024K)
 Metaspace       used 133671K, committed 134528K, reserved 1171456K
  class space    used 18089K, committed 18560K, reserved 1048576K
}

