# JRE version: OpenJDK Runtime Environment (17.0.6) (build 17.0.6+0-b2043.56-9586694)
# Java VM: OpenJDK 64-Bit Server VM (17.0.6+0-b2043.56-9586694, mixed mode, tiered, compressed oops, compressed class ptrs, g1 gc, windows-amd64)
GC Precious Log:
 CPUs: 4 total, 4 available
 Memory: 6027M
 Large Page Support: Disabled
 NUMA Support: Disabled
 Compressed Oops: Enabled (32-bit)
 Heap Region Size: 1M
 Heap Min Capacity: 8M
 Heap Initial Capacity: 96M
 Heap Max Capacity: 2G
 Pre-touch: Disabled
 Parallel Workers: 4
 Concurrent Workers: 1
 Concurrent Refinement Workers: 4
 Periodic GC: Disabled
Heap:
 garbage-first heap   total 98304K, used 40615K [0x0000000080000000, 0x0000000100000000)
  region size 1024K, 3 young (3072K), 3 survivors (3072K)
 Metaspace       used 57844K, committed 58368K, reserved 1105920K
  class space    used 7559K, committed 7808K, reserved 1048576K
GC Heap History (20 events):
Event: 32.207 GC heap after
{Heap after GC invocations=20 (full 0):
 garbage-first heap   total 71680K, used 32919K [0x0000000080000000, 0x0000000100000000)
  region size 1024K, 5 young (5120K), 5 survivors (5120K)
 Metaspace       used 42172K, committed 42432K, reserved 1089536K
  class space    used 5518K, committed 5632K, reserved 1048576K
}
Event: 32.234 GC heap before
{Heap before GC invocations=20 (full 0):
 garbage-first heap   total 71680K, used 47255K [0x0000000080000000, 0x0000000100000000)
  region size 1024K, 18 young (18432K), 5 survivors (5120K)
 Metaspace       used 42172K, committed 42432K, reserved 1089536K
  class space    used 5518K, committed 5632K, reserved 1048576K
}
Event: 32.241 GC heap after
{Heap after GC invocations=21 (full 0):
 garbage-first heap   total 86016K, used 36386K [0x0000000080000000, 0x0000000100000000)
  region size 1024K, 2 young (2048K), 2 survivors (2048K)
 Metaspace       used 42172K, committed 42432K, reserved 1089536K
  class space    used 5518K, committed 5632K, reserved 1048576K
}
Event: 33.855 GC heap before
{Heap before GC invocations=21 (full 0):
 garbage-first heap   total 86016K, used 70178K [0x0000000080000000, 0x0000000100000000)
  region size 1024K, 33 young (33792K), 2 survivors (2048K)
 Metaspace       used 44052K, committed 44480K, reserved 1089536K
  class space    used 5711K, committed 5888K, reserved 1048576K
}
Event: 33.859 GC heap after
{Heap after GC invocations=22 (full 0):
 garbage-first heap   total 86016K, used 33888K [0x0000000080000000, 0x0000000100000000)
  region size 1024K, 4 young (4096K), 4 survivors (4096K)
 Metaspace       used 44052K, committed 44480K, reserved 1089536K
  class space    used 5711K, committed 5888K, reserved 1048576K
}
Event: 34.548 GC heap before
{Heap before GC invocations=22 (full 0):
 garbage-first heap   total 86016K, used 67680K [0x0000000080000000, 0x0000000100000000)
  region size 1024K, 37 young (37888K), 4 survivors (4096K)
 Metaspace       used 45779K, committed 46208K, reserved 1089536K
  class space    used 5987K, committed 6144K, reserved 1048576K
}
Event: 34.554 GC heap after
{Heap after GC invocations=23 (full 0):
 garbage-first heap   total 86016K, used 34824K [0x0000000080000000, 0x0000000100000000)
  region size 1024K, 3 young (3072K), 3 survivors (3072K)
 Metaspace       used 45779K, committed 46208K, reserved 1089536K
  class space    used 5987K, committed 6144K, reserved 1048576K
}
Event: 34.932 GC heap before
{Heap before GC invocations=23 (full 0):
 garbage-first heap   total 86016K, used 70664K [0x0000000080000000, 0x0000000100000000)
  region size 1024K, 37 young (37888K), 3 survivors (3072K)
 Metaspace       used 47023K, committed 47424K, reserved 1097728K
  class space    used 6175K, committed 6336K, reserved 1048576K
}
Event: 34.943 GC heap after
{Heap after GC invocations=24 (full 0):
 garbage-first heap   total 86016K, used 39734K [0x0000000080000000, 0x0000000100000000)
  region size 1024K, 4 young (4096K), 4 survivors (4096K)
 Metaspace       used 47023K, committed 47424K, reserved 1097728K
  class space    used 6175K, committed 6336K, reserved 1048576K
}
Event: 35.676 GC heap before
{Heap before GC invocations=24 (full 0):
 garbage-first heap   total 86016K, used 70454K [0x0000000080000000, 0x0000000100000000)
  region size 1024K, 33 young (33792K), 4 survivors (4096K)
 Metaspace       used 48937K, committed 49344K, reserved 1097728K
  class space    used 6387K, committed 6592K, reserved 1048576K
}
Event: 35.681 GC heap after
{Heap after GC invocations=25 (full 0):
 garbage-first heap   total 86016K, used 36308K [0x0000000080000000, 0x0000000100000000)
  region size 1024K, 1 young (1024K), 1 survivors (1024K)
 Metaspace       used 48937K, committed 49344K, reserved 1097728K
  class space    used 6387K, committed 6592K, reserved 1048576K
}
Event: 36.365 GC heap before
{Heap before GC invocations=25 (full 0):
 garbage-first heap   total 86016K, used 69076K [0x0000000080000000, 0x0000000100000000)
  region size 1024K, 33 young (33792K), 1 survivors (1024K)
 Metaspace       used 50541K, committed 50944K, reserved 1097728K
  class space    used 6612K, committed 6784K, reserved 1048576K
}
Event: 36.368 GC heap after
{Heap after GC invocations=26 (full 0):
 garbage-first heap   total 86016K, used 36375K [0x0000000080000000, 0x0000000100000000)
  region size 1024K, 2 young (2048K), 2 survivors (2048K)
 Metaspace       used 50541K, committed 50944K, reserved 1097728K
  class space    used 6612K, committed 6784K, reserved 1048576K
}
Event: 39.832 GC heap before
{Heap before GC invocations=26 (full 0):
 garbage-first heap   total 86016K, used 69143K [0x0000000080000000, 0x0000000100000000)
  region size 1024K, 34 young (34816K), 2 survivors (2048K)
 Metaspace       used 52193K, committed 52608K, reserved 1097728K
  class space    used 6835K, committed 6976K, reserved 1048576K
}
Event: 39.839 GC heap after
{Heap after GC invocations=27 (full 0):
 garbage-first heap   total 86016K, used 38255K [0x0000000080000000, 0x0000000100000000)
  region size 1024K, 3 young (3072K), 3 survivors (3072K)
 Metaspace       used 52193K, committed 52608K, reserved 1097728K
  class space    used 6835K, committed 6976K, reserved 1048576K
}
Event: 40.539 GC heap before
{Heap before GC invocations=27 (full 0):
 garbage-first heap   total 86016K, used 69999K [0x0000000080000000, 0x0000000100000000)
  region size 1024K, 34 young (34816K), 3 survivors (3072K)
 Metaspace       used 54199K, committed 54720K, reserved 1097728K
  class space    used 7055K, committed 7296K, reserved 1048576K
}
Event: 40.548 GC heap after
{Heap after GC invocations=28 (full 0):
 garbage-first heap   total 86016K, used 39005K [0x0000000080000000, 0x0000000100000000)
  region size 1024K, 3 young (3072K), 3 survivors (3072K)
 Metaspace       used 54199K, committed 54720K, reserved 1097728K
  class space    used 7055K, committed 7296K, reserved 1048576K
}
Event: 41.242 GC heap before
{Heap before GC invocations=28 (full 0):
 garbage-first heap   total 86016K, used 70749K [0x0000000080000000, 0x0000000100000000)
  region size 1024K, 34 young (34816K), 3 survivors (3072K)
 Metaspace       used 55884K, committed 56320K, reserved 1097728K
  class space    used 7276K, committed 7488K, reserved 1048576K
}
Event: 41.252 GC heap after
{Heap after GC invocations=29 (full 0):
 garbage-first heap   total 86016K, used 40233K [0x0000000080000000, 0x0000000100000000)
  region size 1024K, 3 young (3072K), 3 survivors (3072K)
 Metaspace       used 55884K, committed 56320K, reserved 1097728K
  class space    used 7276K, committed 7488K, reserved 1048576K
}
Event: 41.789 GC heap before
{Heap before GC invocations=29 (full 0):
 garbage-first heap   total 86016K, used 69929K [0x0000000080000000, 0x0000000100000000)
  region size 1024K, 32 young (32768K), 3 survivors (3072K)
 Metaspace       used 57844K, committed 58368K, reserved 1105920K
  class space    used 7559K, committed 7808K, reserved 1048576K
}

