# JRE version: OpenJDK Runtime Environment (17.0.6) (build 17.0.6+0-b2043.56-9586694)
# Java VM: OpenJDK 64-Bit Server VM (17.0.6+0-b2043.56-9586694, mixed mode, tiered, compressed oops, compressed class ptrs, g1 gc, windows-amd64)
GC Precious Log:
 CPUs: 4 total, 4 available
 Memory: 6027M
 Large Page Support: Disabled
 NUMA Support: Disabled
 Compressed Oops: Enabled (32-bit)
 Heap Region Size: 1M
 Heap Min Capacity: 8M
 Heap Initial Capacity: 96M
 Heap Max Capacity: 2G
 Pre-touch: Disabled
 Parallel Workers: 4
 Concurrent Workers: 1
 Concurrent Refinement Workers: 4
 Periodic GC: Disabled
Heap:
 garbage-first heap   total 337920K, used 208967K [0x0000000080000000, 0x0000000100000000)
  region size 1024K, 7 young (7168K), 7 survivors (7168K)
 Metaspace       used 132464K, committed 133312K, reserved 1171456K
  class space    used 17825K, committed 18240K, reserved 1048576K
GC Heap History (20 events):
Event: 6572.649 GC heap after
{Heap after GC invocations=62 (full 0):
 garbage-first heap   total 306176K, used 183878K [0x0000000080000000, 0x0000000100000000)
  region size 1024K, 4 young (4096K), 4 survivors (4096K)
 Metaspace       used 102751K, committed 103616K, reserved 1138688K
  class space    used 13833K, committed 14272K, reserved 1048576K
}
Event: 6576.153 GC heap before
{Heap before GC invocations=62 (full 0):
 garbage-first heap   total 306176K, used 243270K [0x0000000080000000, 0x0000000100000000)
  region size 1024K, 63 young (64512K), 4 survivors (4096K)
 Metaspace       used 110263K, committed 111232K, reserved 1146880K
  class space    used 14765K, committed 15232K, reserved 1048576K
}
Event: 6576.174 GC heap after
{Heap after GC invocations=63 (full 0):
 garbage-first heap   total 306176K, used 189260K [0x0000000080000000, 0x0000000100000000)
  region size 1024K, 9 young (9216K), 9 survivors (9216K)
 Metaspace       used 110263K, committed 111232K, reserved 1146880K
  class space    used 14765K, committed 15232K, reserved 1048576K
}
Event: 6582.969 GC heap before
{Heap before GC invocations=64 (full 0):
 garbage-first heap   total 321536K, used 266060K [0x0000000080000000, 0x0000000100000000)
  region size 1024K, 76 young (77824K), 9 survivors (9216K)
 Metaspace       used 116721K, committed 117440K, reserved 1155072K
  class space    used 15540K, committed 15872K, reserved 1048576K
}
Event: 6583.113 GC heap after
{Heap after GC invocations=65 (full 0):
 garbage-first heap   total 321536K, used 198165K [0x0000000080000000, 0x0000000100000000)
  region size 1024K, 8 young (8192K), 8 survivors (8192K)
 Metaspace       used 116721K, committed 117440K, reserved 1155072K
  class space    used 15540K, committed 15872K, reserved 1048576K
}
Event: 6583.399 GC heap before
{Heap before GC invocations=65 (full 0):
 garbage-first heap   total 321536K, used 205333K [0x0000000080000000, 0x0000000100000000)
  region size 1024K, 15 young (15360K), 8 survivors (8192K)
 Metaspace       used 117295K, committed 118080K, reserved 1155072K
  class space    used 15605K, committed 16000K, reserved 1048576K
}
Event: 6583.439 GC heap after
{Heap after GC invocations=66 (full 0):
 garbage-first heap   total 321536K, used 186897K [0x0000000080000000, 0x0000000100000000)
  region size 1024K, 2 young (2048K), 2 survivors (2048K)
 Metaspace       used 117295K, committed 118080K, reserved 1155072K
  class space    used 15605K, committed 16000K, reserved 1048576K
}
Event: 6584.584 GC heap before
{Heap before GC invocations=66 (full 0):
 garbage-first heap   total 321536K, used 198161K [0x0000000080000000, 0x0000000100000000)
  region size 1024K, 14 young (14336K), 2 survivors (2048K)
 Metaspace       used 118570K, committed 119360K, reserved 1155072K
  class space    used 15759K, committed 16128K, reserved 1048576K
}
Event: 6584.590 GC heap after
{Heap after GC invocations=67 (full 0):
 garbage-first heap   total 321536K, used 187001K [0x0000000080000000, 0x0000000100000000)
  region size 1024K, 2 young (2048K), 2 survivors (2048K)
 Metaspace       used 118570K, committed 119360K, reserved 1155072K
  class space    used 15759K, committed 16128K, reserved 1048576K
}
Event: 6586.935 GC heap before
{Heap before GC invocations=68 (full 0):
 garbage-first heap   total 321536K, used 265849K [0x0000000080000000, 0x0000000100000000)
  region size 1024K, 78 young (79872K), 2 survivors (2048K)
 Metaspace       used 124596K, committed 125440K, reserved 1163264K
  class space    used 16823K, committed 17216K, reserved 1048576K
}
Event: 6586.954 GC heap after
{Heap after GC invocations=69 (full 0):
 garbage-first heap   total 321536K, used 192349K [0x0000000080000000, 0x0000000100000000)
  region size 1024K, 7 young (7168K), 7 survivors (7168K)
 Metaspace       used 124596K, committed 125440K, reserved 1163264K
  class space    used 16823K, committed 17216K, reserved 1048576K
}
Event: 6587.021 GC heap before
{Heap before GC invocations=69 (full 0):
 garbage-first heap   total 321536K, used 200541K [0x0000000080000000, 0x0000000100000000)
  region size 1024K, 15 young (15360K), 7 survivors (7168K)
 Metaspace       used 124759K, committed 125568K, reserved 1163264K
  class space    used 16838K, committed 17216K, reserved 1048576K
}
Event: 6587.065 GC heap after
{Heap after GC invocations=70 (full 0):
 garbage-first heap   total 321536K, used 191248K [0x0000000080000000, 0x0000000100000000)
  region size 1024K, 2 young (2048K), 2 survivors (2048K)
 Metaspace       used 124759K, committed 125568K, reserved 1163264K
  class space    used 16838K, committed 17216K, reserved 1048576K
}
Event: 6589.649 GC heap before
{Heap before GC invocations=70 (full 0):
 garbage-first heap   total 321536K, used 266000K [0x0000000080000000, 0x0000000100000000)
  region size 1024K, 75 young (76800K), 2 survivors (2048K)
 Metaspace       used 127788K, committed 128704K, reserved 1163264K
  class space    used 17341K, committed 17728K, reserved 1048576K
}
Event: 6589.662 GC heap after
{Heap after GC invocations=71 (full 0):
 garbage-first heap   total 321536K, used 196715K [0x0000000080000000, 0x0000000100000000)
  region size 1024K, 7 young (7168K), 7 survivors (7168K)
 Metaspace       used 127788K, committed 128704K, reserved 1163264K
  class space    used 17341K, committed 17728K, reserved 1048576K
}
Event: 6600.903 GC heap before
{Heap before GC invocations=72 (full 0):
 garbage-first heap   total 337920K, used 266347K [0x0000000080000000, 0x0000000100000000)
  region size 1024K, 76 young (77824K), 7 survivors (7168K)
 Metaspace       used 131178K, committed 132032K, reserved 1163264K
  class space    used 17684K, committed 18048K, reserved 1048576K
}
Event: 6600.933 GC heap after
{Heap after GC invocations=73 (full 0):
 garbage-first heap   total 337920K, used 204284K [0x0000000080000000, 0x0000000100000000)
  region size 1024K, 8 young (8192K), 8 survivors (8192K)
 Metaspace       used 131178K, committed 132032K, reserved 1163264K
  class space    used 17684K, committed 18048K, reserved 1048576K
}
Event: 6601.883 GC heap before
{Heap before GC invocations=73 (full 0):
 garbage-first heap   total 337920K, used 211452K [0x0000000080000000, 0x0000000100000000)
  region size 1024K, 16 young (16384K), 8 survivors (8192K)
 Metaspace       used 131208K, committed 132032K, reserved 1163264K
  class space    used 17684K, committed 18048K, reserved 1048576K
}
Event: 6601.963 GC heap after
{Heap after GC invocations=74 (full 0):
 garbage-first heap   total 337920K, used 203541K [0x0000000080000000, 0x0000000100000000)
  region size 1024K, 1 young (1024K), 1 survivors (1024K)
 Metaspace       used 131208K, committed 132032K, reserved 1163264K
  class space    used 17684K, committed 18048K, reserved 1048576K
}
Event: 6609.455 GC heap before
{Heap before GC invocations=74 (full 0):
 garbage-first heap   total 337920K, used 280341K [0x0000000080000000, 0x0000000100000000)
  region size 1024K, 77 young (78848K), 1 survivors (1024K)
 Metaspace       used 132464K, committed 133312K, reserved 1171456K
  class space    used 17825K, committed 18240K, reserved 1048576K
}

